{"C:\\Work\\SoAni Tech\\stn\\src\\App.tsx": {"path":"C:\\Work\\SoAni Tech\\stn\\src\\App.tsx","statementMap":{"0":{"start":{"line":1,"column":0},"end":{"line":1,"column":46}},"1":{"start":{"line":4,"column":1},"end":{"line":8,"column":3}},"2":{"start":{"line":3,"column":0},"end":{"line":3,"column":24}}},"fnMap":{"0":{"name":"App","decl":{"start":{"line":3,"column":24},"end":{"line":3,"column":27}},"loc":{"start":{"line":3,"column":27},"end":{"line":9,"column":1}}}},"branchMap":{},"s":{"0":1,"1":1,"2":1},"f":{"0":1},"b":{}}
,"C:\\Work\\SoAni Tech\\stn\\src\\components\\index.ts": {"path":"C:\\Work\\SoAni Tech\\stn\\src\\components\\index.ts","statementMap":{"0":{"start":{"line":1,"column":0},"end":{"line":1,"column":9}},"1":{"start":{"line":4,"column":9},"end":{"line":1,"column":32}},"2":{"start":{"line":2,"column":0},"end":{"line":2,"column":9}},"3":{"start":{"line":4,"column":17},"end":{"line":2,"column":30}}},"fnMap":{"0":{"name":"(anonymous_0)","decl":{"start":{"line":4,"column":9},"end":{"line":4,"column":15}},"loc":{"start":{"line":4,"column":9},"end":{"line":1,"column":32}}},"1":{"name":"(anonymous_1)","decl":{"start":{"line":4,"column":17},"end":{"line":4,"column":23}},"loc":{"start":{"line":4,"column":17},"end":{"line":2,"column":30}}}},"branchMap":{},"s":{"0":1,"1":2,"2":1,"3":2},"f":{"0":1,"1":1},"b":{}}
,"C:\\Work\\SoAni Tech\\stn\\src\\components\\base\\index.ts": {"path":"C:\\Work\\SoAni Tech\\stn\\src\\components\\base\\index.ts","statementMap":{"0":{"start":{"line":1,"column":0},"end":{"line":1,"column":7}},"1":{"start":{"line":3,"column":9},"end":{"line":1,"column":30}}},"fnMap":{},"branchMap":{},"s":{"0":1,"1":1},"f":{},"b":{}}
,"C:\\Work\\SoAni Tech\\stn\\src\\components\\base\\Layout\\Layout.tsx": {"path":"C:\\Work\\SoAni Tech\\stn\\src\\components\\base\\Layout\\Layout.tsx","statementMap":{"0":{"start":{"line":1,"column":0},"end":{"line":1,"column":36}},"1":{"start":{"line":8,"column":39},"end":{"line":15,"column":1}},"2":{"start":{"line":9,"column":1},"end":{"line":14,"column":3}},"3":{"start":{"line":17,"column":0},"end":{"line":17,"column":22}}},"fnMap":{"0":{"name":"(anonymous_0)","decl":{"start":{"line":8,"column":39},"end":{"line":8,"column":40}},"loc":{"start":{"line":8,"column":56},"end":{"line":15,"column":1}}}},"branchMap":{},"s":{"0":1,"1":1,"2":1,"3":1},"f":{"0":1},"b":{}}
,"C:\\Work\\SoAni Tech\\stn\\src\\components\\base\\Layout\\index.ts": {"path":"C:\\Work\\SoAni Tech\\stn\\src\\components\\base\\Layout\\index.ts","statementMap":{"0":{"start":{"line":1,"column":0},"end":{"line":1,"column":30}},"1":{"start":{"line":3,"column":0},"end":{"line":3,"column":22}}},"fnMap":{},"branchMap":{},"s":{"0":1,"1":1},"f":{},"b":{}}
,"C:\\Work\\SoAni Tech\\stn\\src\\components\\ui\\index.ts": {"path":"C:\\Work\\SoAni Tech\\stn\\src\\components\\ui\\index.ts","statementMap":{"0":{"start":{"line":1,"column":0},"end":{"line":1,"column":7}},"1":{"start":{"line":3,"column":9},"end":{"line":1,"column":30}}},"fnMap":{},"branchMap":{},"s":{"0":1,"1":1},"f":{},"b":{}}
,"C:\\Work\\SoAni Tech\\stn\\src\\components\\ui\\NavBar\\NavBar.tsx": {"path":"C:\\Work\\SoAni Tech\\stn\\src\\components\\ui\\NavBar\\NavBar.tsx","statementMap":{"0":{"start":{"line":1,"column":0},"end":{"line":1,"column":38}},"1":{"start":{"line":2,"column":0},"end":{"line":2,"column":36}},"2":{"start":{"line":4,"column":15},"end":{"line":11,"column":1}},"3":{"start":{"line":5,"column":1},"end":{"line":10,"column":3}},"4":{"start":{"line":13,"column":0},"end":{"line":13,"column":22}}},"fnMap":{"0":{"name":"(anonymous_1)","decl":{"start":{"line":4,"column":15},"end":{"line":4,"column":18}},"loc":{"start":{"line":4,"column":20},"end":{"line":11,"column":1}}}},"branchMap":{},"s":{"0":1,"1":1,"2":1,"3":1,"4":1},"f":{"0":1},"b":{}}
,"C:\\Work\\SoAni Tech\\stn\\src\\components\\ui\\NavBar\\index.ts": {"path":"C:\\Work\\SoAni Tech\\stn\\src\\components\\ui\\NavBar\\index.ts","statementMap":{"0":{"start":{"line":1,"column":0},"end":{"line":1,"column":30}},"1":{"start":{"line":3,"column":0},"end":{"line":3,"column":22}}},"fnMap":{},"branchMap":{},"s":{"0":1,"1":1},"f":{},"b":{}}
,"C:\\Work\\SoAni Tech\\stn\\src\\components\\ui\\NavBar\\DesktopNav\\DesktopNav.tsx": {"path":"C:\\Work\\SoAni Tech\\stn\\src\\components\\ui\\NavBar\\DesktopNav\\DesktopNav.tsx","statementMap":{"0":{"start":{"line":1,"column":0},"end":{"line":1,"column":40}},"1":{"start":{"line":2,"column":0},"end":{"line":2,"column":43}},"2":{"start":{"line":4,"column":19},"end":{"line":16,"column":1}},"3":{"start":{"line":5,"column":1},"end":{"line":15,"column":3}},"4":{"start":{"line":8,"column":4},"end":{"line":12,"column":6}},"5":{"start":{"line":18,"column":0},"end":{"line":18,"column":26}}},"fnMap":{"0":{"name":"(anonymous_0)","decl":{"start":{"line":4,"column":19},"end":{"line":4,"column":22}},"loc":{"start":{"line":4,"column":24},"end":{"line":16,"column":1}}},"1":{"name":"(anonymous_1)","decl":{"start":{"line":7,"column":20},"end":{"line":7,"column":21}},"loc":{"start":{"line":7,"column":47},"end":{"line":13,"column":4}}}},"branchMap":{},"s":{"0":1,"1":1,"2":1,"3":1,"4":8,"5":1},"f":{"0":1,"1":8},"b":{}}
,"C:\\Work\\SoAni Tech\\stn\\src\\components\\ui\\NavBar\\DesktopNav\\index.ts": {"path":"C:\\Work\\SoAni Tech\\stn\\src\\components\\ui\\NavBar\\DesktopNav\\index.ts","statementMap":{"0":{"start":{"line":1,"column":0},"end":{"line":1,"column":38}},"1":{"start":{"line":3,"column":0},"end":{"line":3,"column":26}}},"fnMap":{},"branchMap":{},"s":{"0":1,"1":1},"f":{},"b":{}}
,"C:\\Work\\SoAni Tech\\stn\\src\\components\\ui\\NavBar\\MobileNav\\MobileNav.tsx": {"path":"C:\\Work\\SoAni Tech\\stn\\src\\components\\ui\\NavBar\\MobileNav\\MobileNav.tsx","statementMap":{"0":{"start":{"line":1,"column":0},"end":{"line":1,"column":40}},"1":{"start":{"line":2,"column":0},"end":{"line":2,"column":43}},"2":{"start":{"line":4,"column":18},"end":{"line":16,"column":1}},"3":{"start":{"line":5,"column":1},"end":{"line":15,"column":3}},"4":{"start":{"line":8,"column":4},"end":{"line":12,"column":6}},"5":{"start":{"line":18,"column":0},"end":{"line":18,"column":25}}},"fnMap":{"0":{"name":"(anonymous_0)","decl":{"start":{"line":4,"column":18},"end":{"line":4,"column":21}},"loc":{"start":{"line":4,"column":23},"end":{"line":16,"column":1}}},"1":{"name":"(anonymous_1)","decl":{"start":{"line":7,"column":20},"end":{"line":7,"column":21}},"loc":{"start":{"line":7,"column":47},"end":{"line":13,"column":4}}}},"branchMap":{},"s":{"0":1,"1":1,"2":1,"3":1,"4":8,"5":1},"f":{"0":1,"1":8},"b":{}}
,"C:\\Work\\SoAni Tech\\stn\\src\\components\\ui\\NavBar\\MobileNav\\index.ts": {"path":"C:\\Work\\SoAni Tech\\stn\\src\\components\\ui\\NavBar\\MobileNav\\index.ts","statementMap":{"0":{"start":{"line":1,"column":0},"end":{"line":1,"column":36}},"1":{"start":{"line":3,"column":0},"end":{"line":3,"column":25}}},"fnMap":{},"branchMap":{},"s":{"0":1,"1":1},"f":{},"b":{}}
,"C:\\Work\\SoAni Tech\\stn\\src\\components\\ui\\NavBar\\shared\\index.ts": {"path":"C:\\Work\\SoAni Tech\\stn\\src\\components\\ui\\NavBar\\shared\\index.ts","statementMap":{"0":{"start":{"line":1,"column":0},"end":{"line":1,"column":7}},"1":{"start":{"line":3,"column":9},"end":{"line":1,"column":40}}},"fnMap":{},"branchMap":{},"s":{"0":1,"1":1},"f":{},"b":{}}
,"C:\\Work\\SoAni Tech\\stn\\src\\components\\ui\\NavBar\\shared\\navContents.ts": {"path":"C:\\Work\\SoAni Tech\\stn\\src\\components\\ui\\NavBar\\shared\\navContents.ts","statementMap":{"0":{"start":{"line":2,"column":0},"end":{"line":2,"column":36}},"1":{"start":{"line":14,"column":35},"end":{"line":55,"column":2}},"2":{"start":{"line":57,"column":0},"end":{"line":57,"column":27}}},"fnMap":{},"branchMap":{},"s":{"0":1,"1":1,"2":1},"f":{},"b":{}}
,"C:\\Work\\SoAni Tech\\stn\\src\\containers\\pages\\index.ts": {"path":"C:\\Work\\SoAni Tech\\stn\\src\\containers\\pages\\index.ts","statementMap":{"0":{"start":{"line":1,"column":0},"end":{"line":1,"column":7}},"1":{"start":{"line":15,"column":1},"end":{"line":1,"column":26}},"2":{"start":{"line":2,"column":0},"end":{"line":2,"column":7}},"3":{"start":{"line":11,"column":1},"end":{"line":2,"column":32}},"4":{"start":{"line":3,"column":0},"end":{"line":3,"column":7}},"5":{"start":{"line":12,"column":1},"end":{"line":3,"column":26}},"6":{"start":{"line":4,"column":0},"end":{"line":4,"column":7}},"7":{"start":{"line":13,"column":1},"end":{"line":4,"column":32}},"8":{"start":{"line":5,"column":0},"end":{"line":5,"column":7}},"9":{"start":{"line":14,"column":1},"end":{"line":5,"column":36}},"10":{"start":{"line":6,"column":0},"end":{"line":6,"column":7}},"11":{"start":{"line":16,"column":1},"end":{"line":6,"column":32}},"12":{"start":{"line":7,"column":0},"end":{"line":7,"column":7}},"13":{"start":{"line":17,"column":1},"end":{"line":7,"column":34}},"14":{"start":{"line":8,"column":0},"end":{"line":8,"column":7}},"15":{"start":{"line":18,"column":1},"end":{"line":8,"column":42}}},"fnMap":{},"branchMap":{},"s":{"0":1,"1":1,"2":1,"3":1,"4":1,"5":1,"6":1,"7":1,"8":1,"9":1,"10":1,"11":1,"12":1,"13":1,"14":1,"15":1},"f":{},"b":{}}
,"C:\\Work\\SoAni Tech\\stn\\src\\containers\\pages\\AboutUs\\AboutUs.tsx": {"path":"C:\\Work\\SoAni Tech\\stn\\src\\containers\\pages\\AboutUs\\AboutUs.tsx","statementMap":{"0":{"start":{"line":1,"column":16},"end":{"line":3,"column":1}},"1":{"start":{"line":2,"column":1},"end":{"line":2,"column":27}},"2":{"start":{"line":5,"column":0},"end":{"line":5,"column":23}}},"fnMap":{"0":{"name":"(anonymous_0)","decl":{"start":{"line":1,"column":16},"end":{"line":1,"column":19}},"loc":{"start":{"line":1,"column":21},"end":{"line":3,"column":1}}}},"branchMap":{},"s":{"0":1,"1":0,"2":1},"f":{"0":0},"b":{}}
,"C:\\Work\\SoAni Tech\\stn\\src\\containers\\pages\\AboutUs\\index.ts": {"path":"C:\\Work\\SoAni Tech\\stn\\src\\containers\\pages\\AboutUs\\index.ts","statementMap":{"0":{"start":{"line":1,"column":0},"end":{"line":1,"column":32}},"1":{"start":{"line":3,"column":0},"end":{"line":3,"column":23}}},"fnMap":{},"branchMap":{},"s":{"0":1,"1":1},"f":{},"b":{}}
,"C:\\Work\\SoAni Tech\\stn\\src\\containers\\pages\\Blog\\Blog.tsx": {"path":"C:\\Work\\SoAni Tech\\stn\\src\\containers\\pages\\Blog\\Blog.tsx","statementMap":{"0":{"start":{"line":1,"column":13},"end":{"line":3,"column":1}},"1":{"start":{"line":2,"column":1},"end":{"line":2,"column":24}},"2":{"start":{"line":5,"column":0},"end":{"line":5,"column":20}}},"fnMap":{"0":{"name":"(anonymous_0)","decl":{"start":{"line":1,"column":13},"end":{"line":1,"column":16}},"loc":{"start":{"line":1,"column":18},"end":{"line":3,"column":1}}}},"branchMap":{},"s":{"0":1,"1":0,"2":1},"f":{"0":0},"b":{}}
,"C:\\Work\\SoAni Tech\\stn\\src\\containers\\pages\\Blog\\index.ts": {"path":"C:\\Work\\SoAni Tech\\stn\\src\\containers\\pages\\Blog\\index.ts","statementMap":{"0":{"start":{"line":1,"column":0},"end":{"line":1,"column":26}},"1":{"start":{"line":3,"column":0},"end":{"line":3,"column":20}}},"fnMap":{},"branchMap":{},"s":{"0":1,"1":1},"f":{},"b":{}}
,"C:\\Work\\SoAni Tech\\stn\\src\\containers\\pages\\Careers\\Careers.tsx": {"path":"C:\\Work\\SoAni Tech\\stn\\src\\containers\\pages\\Careers\\Careers.tsx","statementMap":{"0":{"start":{"line":1,"column":16},"end":{"line":3,"column":1}},"1":{"start":{"line":2,"column":1},"end":{"line":2,"column":27}},"2":{"start":{"line":5,"column":0},"end":{"line":5,"column":23}}},"fnMap":{"0":{"name":"(anonymous_0)","decl":{"start":{"line":1,"column":16},"end":{"line":1,"column":19}},"loc":{"start":{"line":1,"column":21},"end":{"line":3,"column":1}}}},"branchMap":{},"s":{"0":1,"1":0,"2":1},"f":{"0":0},"b":{}}
,"C:\\Work\\SoAni Tech\\stn\\src\\containers\\pages\\Careers\\index.ts": {"path":"C:\\Work\\SoAni Tech\\stn\\src\\containers\\pages\\Careers\\index.ts","statementMap":{"0":{"start":{"line":1,"column":0},"end":{"line":1,"column":32}},"1":{"start":{"line":3,"column":0},"end":{"line":3,"column":23}}},"fnMap":{},"branchMap":{},"s":{"0":1,"1":1},"f":{},"b":{}}
,"C:\\Work\\SoAni Tech\\stn\\src\\containers\\pages\\ContactUs\\ContactUs.tsx": {"path":"C:\\Work\\SoAni Tech\\stn\\src\\containers\\pages\\ContactUs\\ContactUs.tsx","statementMap":{"0":{"start":{"line":1,"column":18},"end":{"line":3,"column":1}},"1":{"start":{"line":2,"column":1},"end":{"line":2,"column":29}},"2":{"start":{"line":5,"column":0},"end":{"line":5,"column":25}}},"fnMap":{"0":{"name":"(anonymous_0)","decl":{"start":{"line":1,"column":18},"end":{"line":1,"column":21}},"loc":{"start":{"line":1,"column":23},"end":{"line":3,"column":1}}}},"branchMap":{},"s":{"0":1,"1":0,"2":1},"f":{"0":0},"b":{}}
,"C:\\Work\\SoAni Tech\\stn\\src\\containers\\pages\\ContactUs\\index.ts": {"path":"C:\\Work\\SoAni Tech\\stn\\src\\containers\\pages\\ContactUs\\index.ts","statementMap":{"0":{"start":{"line":1,"column":0},"end":{"line":1,"column":36}},"1":{"start":{"line":3,"column":0},"end":{"line":3,"column":25}}},"fnMap":{},"branchMap":{},"s":{"0":1,"1":1},"f":{},"b":{}}
,"C:\\Work\\SoAni Tech\\stn\\src\\containers\\pages\\Home\\Home.tsx": {"path":"C:\\Work\\SoAni Tech\\stn\\src\\containers\\pages\\Home\\Home.tsx","statementMap":{"0":{"start":{"line":1,"column":13},"end":{"line":3,"column":1}},"1":{"start":{"line":2,"column":1},"end":{"line":2,"column":24}},"2":{"start":{"line":5,"column":0},"end":{"line":5,"column":20}}},"fnMap":{"0":{"name":"(anonymous_0)","decl":{"start":{"line":1,"column":13},"end":{"line":1,"column":16}},"loc":{"start":{"line":1,"column":18},"end":{"line":3,"column":1}}}},"branchMap":{},"s":{"0":1,"1":1,"2":1},"f":{"0":1},"b":{}}
,"C:\\Work\\SoAni Tech\\stn\\src\\containers\\pages\\Home\\index.ts": {"path":"C:\\Work\\SoAni Tech\\stn\\src\\containers\\pages\\Home\\index.ts","statementMap":{"0":{"start":{"line":1,"column":0},"end":{"line":1,"column":26}},"1":{"start":{"line":3,"column":0},"end":{"line":3,"column":20}}},"fnMap":{},"branchMap":{},"s":{"0":1,"1":1},"f":{},"b":{}}
,"C:\\Work\\SoAni Tech\\stn\\src\\containers\\pages\\OurTeam\\OurTeam.tsx": {"path":"C:\\Work\\SoAni Tech\\stn\\src\\containers\\pages\\OurTeam\\OurTeam.tsx","statementMap":{"0":{"start":{"line":1,"column":16},"end":{"line":3,"column":1}},"1":{"start":{"line":2,"column":1},"end":{"line":2,"column":27}},"2":{"start":{"line":5,"column":0},"end":{"line":5,"column":23}}},"fnMap":{"0":{"name":"(anonymous_0)","decl":{"start":{"line":1,"column":16},"end":{"line":1,"column":19}},"loc":{"start":{"line":1,"column":21},"end":{"line":3,"column":1}}}},"branchMap":{},"s":{"0":1,"1":0,"2":1},"f":{"0":0},"b":{}}
,"C:\\Work\\SoAni Tech\\stn\\src\\containers\\pages\\OurTeam\\index.ts": {"path":"C:\\Work\\SoAni Tech\\stn\\src\\containers\\pages\\OurTeam\\index.ts","statementMap":{"0":{"start":{"line":1,"column":0},"end":{"line":1,"column":32}},"1":{"start":{"line":3,"column":0},"end":{"line":3,"column":23}}},"fnMap":{},"branchMap":{},"s":{"0":1,"1":1},"f":{},"b":{}}
,"C:\\Work\\SoAni Tech\\stn\\src\\containers\\pages\\Services\\Services.tsx": {"path":"C:\\Work\\SoAni Tech\\stn\\src\\containers\\pages\\Services\\Services.tsx","statementMap":{"0":{"start":{"line":1,"column":17},"end":{"line":3,"column":1}},"1":{"start":{"line":2,"column":1},"end":{"line":2,"column":28}},"2":{"start":{"line":5,"column":0},"end":{"line":5,"column":24}}},"fnMap":{"0":{"name":"(anonymous_0)","decl":{"start":{"line":1,"column":17},"end":{"line":1,"column":20}},"loc":{"start":{"line":1,"column":22},"end":{"line":3,"column":1}}}},"branchMap":{},"s":{"0":1,"1":0,"2":1},"f":{"0":0},"b":{}}
,"C:\\Work\\SoAni Tech\\stn\\src\\containers\\pages\\Services\\index.ts": {"path":"C:\\Work\\SoAni Tech\\stn\\src\\containers\\pages\\Services\\index.ts","statementMap":{"0":{"start":{"line":1,"column":0},"end":{"line":1,"column":34}},"1":{"start":{"line":3,"column":0},"end":{"line":3,"column":24}}},"fnMap":{},"branchMap":{},"s":{"0":1,"1":1},"f":{},"b":{}}
,"C:\\Work\\SoAni Tech\\stn\\src\\containers\\pages\\WhySoAniTech\\WhySoAniTech.tsx": {"path":"C:\\Work\\SoAni Tech\\stn\\src\\containers\\pages\\WhySoAniTech\\WhySoAniTech.tsx","statementMap":{"0":{"start":{"line":1,"column":21},"end":{"line":3,"column":1}},"1":{"start":{"line":2,"column":1},"end":{"line":2,"column":32}},"2":{"start":{"line":5,"column":0},"end":{"line":5,"column":28}}},"fnMap":{"0":{"name":"(anonymous_0)","decl":{"start":{"line":1,"column":21},"end":{"line":1,"column":24}},"loc":{"start":{"line":1,"column":26},"end":{"line":3,"column":1}}}},"branchMap":{},"s":{"0":1,"1":0,"2":1},"f":{"0":0},"b":{}}
,"C:\\Work\\SoAni Tech\\stn\\src\\containers\\pages\\WhySoAniTech\\index.ts": {"path":"C:\\Work\\SoAni Tech\\stn\\src\\containers\\pages\\WhySoAniTech\\index.ts","statementMap":{"0":{"start":{"line":1,"column":0},"end":{"line":1,"column":42}},"1":{"start":{"line":3,"column":0},"end":{"line":3,"column":28}}},"fnMap":{},"branchMap":{},"s":{"0":1,"1":1},"f":{},"b":{}}
,"C:\\Work\\SoAni Tech\\stn\\src\\containers\\routes\\AppRouter.tsx": {"path":"C:\\Work\\SoAni Tech\\stn\\src\\containers\\routes\\AppRouter.tsx","statementMap":{"0":{"start":{"line":1,"column":0},"end":{"line":1,"column":33}},"1":{"start":{"line":2,"column":0},"end":{"line":2,"column":59}},"2":{"start":{"line":3,"column":0},"end":{"line":3,"column":30}},"3":{"start":{"line":5,"column":18},"end":{"line":14,"column":1}},"4":{"start":{"line":6,"column":1},"end":{"line":13,"column":3}},"5":{"start":{"line":16,"column":0},"end":{"line":16,"column":25}}},"fnMap":{"0":{"name":"(anonymous_1)","decl":{"start":{"line":5,"column":18},"end":{"line":5,"column":21}},"loc":{"start":{"line":5,"column":23},"end":{"line":14,"column":1}}}},"branchMap":{},"s":{"0":1,"1":1,"2":1,"3":1,"4":1,"5":1},"f":{"0":1},"b":{}}
,"C:\\Work\\SoAni Tech\\stn\\src\\containers\\routes\\Routes.tsx": {"path":"C:\\Work\\SoAni Tech\\stn\\src\\containers\\routes\\Routes.tsx","statementMap":{"0":{"start":{"line":1,"column":0},"end":{"line":1,"column":36}},"1":{"start":{"line":2,"column":0},"end":{"line":2,"column":null}},"2":{"start":{"line":13,"column":0},"end":{"line":13,"column":53}},"3":{"start":{"line":14,"column":0},"end":{"line":14,"column":36}},"4":{"start":{"line":16,"column":15},"end":{"line":66,"column":1}},"5":{"start":{"line":17,"column":1},"end":{"line":65,"column":4}},"6":{"start":{"line":68,"column":0},"end":{"line":68,"column":22}}},"fnMap":{"0":{"name":"(anonymous_0)","decl":{"start":{"line":16,"column":15},"end":{"line":16,"column":18}},"loc":{"start":{"line":16,"column":20},"end":{"line":66,"column":1}}}},"branchMap":{},"s":{"0":1,"1":1,"2":1,"3":1,"4":1,"5":1,"6":1},"f":{"0":1},"b":{}}
,"C:\\Work\\SoAni Tech\\stn\\src\\containers\\routes\\index.ts": {"path":"C:\\Work\\SoAni Tech\\stn\\src\\containers\\routes\\index.ts","statementMap":{"0":{"start":{"line":1,"column":0},"end":{"line":1,"column":7}},"1":{"start":{"line":3,"column":9},"end":{"line":1,"column":36}}},"fnMap":{},"branchMap":{},"s":{"0":1,"1":1},"f":{},"b":{}}
,"C:\\Work\\SoAni Tech\\stn\\src\\global\\index.ts": {"path":"C:\\Work\\SoAni Tech\\stn\\src\\global\\index.ts","statementMap":{"0":{"start":{"line":1,"column":0},"end":{"line":1,"column":7}},"1":{"start":{"line":3,"column":9},"end":{"line":1,"column":38}}},"fnMap":{},"branchMap":{},"s":{"0":1,"1":1},"f":{},"b":{}}
,"C:\\Work\\SoAni Tech\\stn\\src\\global\\routePaths.ts": {"path":"C:\\Work\\SoAni Tech\\stn\\src\\global\\routePaths.ts","statementMap":{"0":{"start":{"line":1,"column":19},"end":{"line":11,"column":2}},"1":{"start":{"line":13,"column":0},"end":{"line":13,"column":26}}},"fnMap":{},"branchMap":{},"s":{"0":1,"1":1},"f":{},"b":{}}
}
